<?xml version="1.0" encoding="UTF-8"?>
<!-- Generated by org.testng.reporters.JUnitReportReporter -->
<testsuite skipped="4" hostname="DESKTOP-9CT65DP" name="testCases.Allmediany_SignUpPage_Test" tests="5" failures="0" timestamp="08 May 2018 06:18:12 GMT" time="19.416" errors="0">
  <testcase name="Allmediany_SignUpPage_TestCase" time="18.707" classname="testCases.Allmediany_SignUpPage_Test"/>
  <testcase name="Allmediany_SignUpPage_TestCase" time="0.691" classname="testCases.Allmediany_SignUpPage_Test">
    <skipped/>
  </testcase> <!-- Allmediany_SignUpPage_TestCase -->
  <testcase name="Allmediany_SignUpPage_TestCase" time="0.006" classname="testCases.Allmediany_SignUpPage_Test">
    <skipped/>
  </testcase> <!-- Allmediany_SignUpPage_TestCase -->
  <testcase name="Allmediany_SignUpPage_TestCase" time="0.007" classname="testCases.Allmediany_SignUpPage_Test">
    <skipped/>
  </testcase> <!-- Allmediany_SignUpPage_TestCase -->
  <testcase name="Allmediany_SignUpPage_TestCase" time="0.005" classname="testCases.Allmediany_SignUpPage_Test">
    <skipped/>
  </testcase> <!-- Allmediany_SignUpPage_TestCase -->
</testsuite> <!-- testCases.Allmediany_SignUpPage_Test -->
