<?xml version="1.0" encoding="UTF-8"?>
<!-- Generated by org.testng.reporters.JUnitReportReporter -->
<testsuite skipped="3" hostname="DESKTOP-9CT65DP" name="testCases.Allmediany_SignUpPage_Test" tests="5" failures="0" timestamp="04 May 2018 20:31:55 GMT" time="56.183" errors="0">
  <testcase name="SampleTest" time="0.000" classname="testCases.Allmediany_SignUpPage_Test">
    <skipped/>
  </testcase> <!-- SampleTest -->
  <testcase name="SampleTest" time="0.715" classname="testCases.Allmediany_SignUpPage_Test">
    <skipped/>
  </testcase> <!-- SampleTest -->
  <testcase name="SampleTest" time="14.287" classname="testCases.Allmediany_SignUpPage_Test"/>
  <testcase name="SampleTest" time="0.000" classname="testCases.Allmediany_SignUpPage_Test">
    <skipped/>
  </testcase> <!-- SampleTest -->
  <testcase name="SampleTest" time="41.181" classname="testCases.Allmediany_SignUpPage_Test"/>
</testsuite> <!-- testCases.Allmediany_SignUpPage_Test -->
